<?xml version="1.0" encoding="UTF-8"?>
<testsuite xmlns:xsi="http://www.w3.org/2001/XMLSchema-instance" xsi:noNamespaceSchemaLocation="https://maven.apache.org/surefire/maven-surefire-plugin/xsd/surefire-test-report.xsd" name="nl.hu.bdsd.client.AppTest" time="0.025" tests="1" errors="0" skipped="0" failures="0">
  <properties>
    <property name="sun.desktop" value="windows"/>
    <property name="awt.toolkit" value="sun.awt.windows.WToolkit"/>
    <property name="file.encoding.pkg" value="sun.io"/>
    <property name="java.specification.version" value="1.8"/>
    <property name="sun.cpu.isalist" value="amd64"/>
    <property name="sun.jnu.encoding" value="Cp1252"/>
    <property name="java.class.path" value="C:\Users\phili\Desktop\BDSD\client\client\target\test-classes;C:\Users\phili\Desktop\BDSD\client\client\target\classes;C:\Users\phili\.m2\repository\junit\junit\4.11\junit-4.11.jar;C:\Users\phili\.m2\repository\org\hamcrest\hamcrest-core\1.3\hamcrest-core-1.3.jar;C:\Users\phili\.m2\repository\com\basho\riak\riak-client\2.0.7\riak-client-2.0.7.jar;C:\Users\phili\.m2\repository\org\slf4j\slf4j-api\1.7.21\slf4j-api-1.7.21.jar;C:\Users\phili\.m2\repository\com\fasterxml\jackson\core\jackson-databind\2.8.0\jackson-databind-2.8.0.jar;C:\Users\phili\.m2\repository\com\fasterxml\jackson\core\jackson-annotations\2.8.0\jackson-annotations-2.8.0.jar;C:\Users\phili\.m2\repository\com\fasterxml\jackson\core\jackson-core\2.8.0\jackson-core-2.8.0.jar;C:\Users\phili\.m2\repository\com\fasterxml\jackson\datatype\jackson-datatype-joda\2.8.0\jackson-datatype-joda-2.8.0.jar;C:\Users\phili\.m2\repository\joda-time\joda-time\2.7\joda-time-2.7.jar;C:\Users\phili\.m2\repository\io\netty\netty-all\4.1.3.Final\netty-all-4.1.3.Final.jar;C:\Users\phili\.m2\repository\org\erlang\otp\jinterface\1.6.1\jinterface-1.6.1.jar;"/>
    <property name="java.vm.vendor" value="Oracle Corporation"/>
    <property name="sun.arch.data.model" value="64"/>
    <property name="user.variant" value=""/>
    <property name="java.vendor.url" value="http://java.oracle.com/"/>
    <property name="user.timezone" value="Europe/Berlin"/>
    <property name="java.vm.specification.version" value="1.8"/>
    <property name="os.name" value="Windows 10"/>
    <property name="user.country" value="US"/>
    <property name="sun.java.launcher" value="SUN_STANDARD"/>
    <property name="sun.boot.library.path" value="C:\Program Files\Java\jdk1.8.0_181\jre\bin"/>
    <property name="sun.java.command" value="C:\Users\phili\AppData\Local\Temp\surefire3595666234527756053\surefirebooter1597245033258839404.jar C:\Users\phili\AppData\Local\Temp\surefire3595666234527756053 2019-04-12T21-13-25_272-jvmRun1 surefire4801957125019863916tmp surefire_06686442700064526961tmp"/>
    <property name="surefire.test.class.path" value="C:\Users\phili\Desktop\BDSD\client\client\target\test-classes;C:\Users\phili\Desktop\BDSD\client\client\target\classes;C:\Users\phili\.m2\repository\junit\junit\4.11\junit-4.11.jar;C:\Users\phili\.m2\repository\org\hamcrest\hamcrest-core\1.3\hamcrest-core-1.3.jar;C:\Users\phili\.m2\repository\com\basho\riak\riak-client\2.0.7\riak-client-2.0.7.jar;C:\Users\phili\.m2\repository\org\slf4j\slf4j-api\1.7.21\slf4j-api-1.7.21.jar;C:\Users\phili\.m2\repository\com\fasterxml\jackson\core\jackson-databind\2.8.0\jackson-databind-2.8.0.jar;C:\Users\phili\.m2\repository\com\fasterxml\jackson\core\jackson-annotations\2.8.0\jackson-annotations-2.8.0.jar;C:\Users\phili\.m2\repository\com\fasterxml\jackson\core\jackson-core\2.8.0\jackson-core-2.8.0.jar;C:\Users\phili\.m2\repository\com\fasterxml\jackson\datatype\jackson-datatype-joda\2.8.0\jackson-datatype-joda-2.8.0.jar;C:\Users\phili\.m2\repository\joda-time\joda-time\2.7\joda-time-2.7.jar;C:\Users\phili\.m2\repository\io\netty\netty-all\4.1.3.Final\netty-all-4.1.3.Final.jar;C:\Users\phili\.m2\repository\org\erlang\otp\jinterface\1.6.1\jinterface-1.6.1.jar;"/>
    <property name="sun.cpu.endian" value="little"/>
    <property name="user.home" value="C:\Users\phili"/>
    <property name="user.language" value="en"/>
    <property name="java.specification.vendor" value="Oracle Corporation"/>
    <property name="java.home" value="C:\Program Files\Java\jdk1.8.0_181\jre"/>
    <property name="basedir" value="C:\Users\phili\Desktop\BDSD\client\client"/>
    <property name="file.separator" value="\"/>
    <property name="line.separator" value="&#10;"/>
    <property name="java.vm.specification.vendor" value="Oracle Corporation"/>
    <property name="java.specification.name" value="Java Platform API Specification"/>
    <property name="java.awt.graphicsenv" value="sun.awt.Win32GraphicsEnvironment"/>
    <property name="surefire.real.class.path" value="C:\Users\phili\AppData\Local\Temp\surefire3595666234527756053\surefirebooter1597245033258839404.jar"/>
    <property name="sun.boot.class.path" value="C:\Program Files\Java\jdk1.8.0_181\jre\lib\resources.jar;C:\Program Files\Java\jdk1.8.0_181\jre\lib\rt.jar;C:\Program Files\Java\jdk1.8.0_181\jre\lib\sunrsasign.jar;C:\Program Files\Java\jdk1.8.0_181\jre\lib\jsse.jar;C:\Program Files\Java\jdk1.8.0_181\jre\lib\jce.jar;C:\Program Files\Java\jdk1.8.0_181\jre\lib\charsets.jar;C:\Program Files\Java\jdk1.8.0_181\jre\lib\jfr.jar;C:\Program Files\Java\jdk1.8.0_181\jre\classes"/>
    <property name="user.script" value=""/>
    <property name="sun.management.compiler" value="HotSpot 64-Bit Tiered Compilers"/>
    <property name="java.runtime.version" value="1.8.0_181-b13"/>
    <property name="user.name" value="phili"/>
    <property name="path.separator" value=";"/>
    <property name="os.version" value="10.0"/>
    <property name="java.endorsed.dirs" value="C:\Program Files\Java\jdk1.8.0_181\jre\lib\endorsed"/>
    <property name="java.runtime.name" value="Java(TM) SE Runtime Environment"/>
    <property name="file.encoding" value="Cp1252"/>
    <property name="java.vm.name" value="Java HotSpot(TM) 64-Bit Server VM"/>
    <property name="localRepository" value="C:\Users\phili\.m2\repository"/>
    <property name="java.vendor.url.bug" value="http://bugreport.sun.com/bugreport/"/>
    <property name="java.io.tmpdir" value="C:\Users\phili\AppData\Local\Temp\"/>
    <property name="idea.version" value="2018.3.3"/>
    <property name="java.version" value="1.8.0_181"/>
    <property name="user.dir" value="C:\Users\phili\Desktop\BDSD\client\client"/>
    <property name="os.arch" value="amd64"/>
    <property name="java.vm.specification.name" value="Java Virtual Machine Specification"/>
    <property name="java.awt.printerjob" value="sun.awt.windows.WPrinterJob"/>
    <property name="sun.os.patch.level" value=""/>
    <property name="java.library.path" value="C:\Program Files\Java\jdk1.8.0_181\jre\bin;C:\Windows\Sun\Java\bin;C:\Windows\system32;C:\Windows;C:\Program Files (x86)\Razer Chroma SDK\bin;C:\Program Files\Razer Chroma SDK\bin;C:\Program Files (x86)\Common Files\Oracle\Java\javapath;C:\Windows\system32;C:\Windows;C:\Windows\System32\Wbem;C:\Windows\System32\WindowsPowerShell\v1.0\;C:\Windows\System32\OpenSSH\;C:\Users\phili\AppData\Local\Microsoft\WindowsApps;C:\Program Files (x86)\NVIDIA Corporation\PhysX\Common;C:\Program Files\Git\cmd;C:\Program Files\NVIDIA Corporation\NVIDIA NvDLISR;C:\Program Files\Microsoft VS Code\bin;C:\xampp\php;C:\ProgramData\ComposerSetup\bin;J:\nodejs\;I:\PuTTY\;I:\WinSCP\;C:\Users\phili\AppData\Local\Microsoft\WindowsApps;;C:\Program Files\Microsoft VS Code\bin;C:\Program Files\JetBrains\PhpStorm 2018.3.5\bin;;C:\Users\phili\AppData\Roaming\Composer\vendor\bin;C:\Users\phili\AppData\Roaming\npm;."/>
    <property name="java.vm.info" value="mixed mode"/>
    <property name="java.vendor" value="Oracle Corporation"/>
    <property name="java.vm.version" value="25.181-b13"/>
    <property name="java.ext.dirs" value="C:\Program Files\Java\jdk1.8.0_181\jre\lib\ext;C:\Windows\Sun\Java\lib\ext"/>
    <property name="sun.io.unicode.encoding" value="UnicodeLittle"/>
    <property name="java.class.version" value="52.0"/>
  </properties>
  <testcase name="shouldAnswerWithTrue" classname="nl.hu.bdsd.client.AppTest" time="0.001"/>
</testsuite>